C:\Program Files (x86)\Microsoft Visual Studio\2019\Community\MSBuild\Microsoft\VC\v160\Microsoft.CppBuild.targets(491,5): warning MSB8028: 中间目录(Debug\)包含从另一个项目(Project7.vcxproj)共享的文件。   这会导致错误的清除和重新生成行为。
  ConnectionPool.cpp
  my_mysql.cpp
  源.cpp
  正在生成代码...
ConnectionPool.obj : error LNK2019: 无法解析的外部符号 "private: __thiscall ConnectionPool::ConnectionPool(void)" (??0ConnectionPool@@AAE@XZ)，函数 "public: static class ConnectionPool * __cdecl ConnectionPool::getConnectionPool(void)" (?getConnectionPool@ConnectionPool@@SAPAV1@XZ) 中引用了该符号
my_mysql.obj : error LNK2019: 无法解析的外部符号 _mysql_num_fields@4，函数 "public: class std::basic_string<char,struct std::char_traits<char>,class std::allocator<char> > __thiscall MysqlConn::value(int)" (?value@MysqlConn@@QAE?AV?$basic_string@DU?$char_traits@D@std@@V?$allocator@D@2@@std@@H@Z) 中引用了该符号
my_mysql.obj : error LNK2019: 无法解析的外部符号 _mysql_set_character_set@8，函数 "public: __thiscall MysqlConn::MysqlConn(void)" (??0MysqlConn@@QAE@XZ) 中引用了该符号
my_mysql.obj : error LNK2019: 无法解析的外部符号 _mysql_init@4，函数 "public: __thiscall MysqlConn::MysqlConn(void)" (??0MysqlConn@@QAE@XZ) 中引用了该符号
my_mysql.obj : error LNK2019: 无法解析的外部符号 _mysql_real_connect@32，函数 "public: bool __thiscall MysqlConn::connect(class std::basic_string<char,struct std::char_traits<char>,class std::allocator<char> >,class std::basic_string<char,struct std::char_traits<char>,class std::allocator<char> >,class std::basic_string<char,struct std::char_traits<char>,class std::allocator<char> >,class std::basic_string<char,struct std::char_traits<char>,class std::allocator<char> >,unsigned short)" (?connect@MysqlConn@@QAE_NV?$basic_string@DU?$char_traits@D@std@@V?$allocator@D@2@@std@@000G@Z) 中引用了该符号
my_mysql.obj : error LNK2019: 无法解析的外部符号 _mysql_query@8，函数 "public: bool __thiscall MysqlConn::query(class std::basic_string<char,struct std::char_traits<char>,class std::allocator<char> >)" (?query@MysqlConn@@QAE_NV?$basic_string@DU?$char_traits@D@std@@V?$allocator@D@2@@std@@@Z) 中引用了该符号
my_mysql.obj : error LNK2019: 无法解析的外部符号 _mysql_store_result@4，函数 "public: bool __thiscall MysqlConn::query(class std::basic_string<char,struct std::char_traits<char>,class std::allocator<char> >)" (?query@MysqlConn@@QAE_NV?$basic_string@DU?$char_traits@D@std@@V?$allocator@D@2@@std@@@Z) 中引用了该符号
my_mysql.obj : error LNK2019: 无法解析的外部符号 _mysql_free_result@4，函数 "private: void __thiscall MysqlConn::freeResult(void)" (?freeResult@MysqlConn@@AAEXXZ) 中引用了该符号
my_mysql.obj : error LNK2019: 无法解析的外部符号 _mysql_fetch_row@4，函数 "public: bool __thiscall MysqlConn::next(void)" (?next@MysqlConn@@QAE_NXZ) 中引用了该符号
my_mysql.obj : error LNK2019: 无法解析的外部符号 _mysql_fetch_lengths@4，函数 "public: class std::basic_string<char,struct std::char_traits<char>,class std::allocator<char> > __thiscall MysqlConn::value(int)" (?value@MysqlConn@@QAE?AV?$basic_string@DU?$char_traits@D@std@@V?$allocator@D@2@@std@@H@Z) 中引用了该符号
my_mysql.obj : error LNK2019: 无法解析的外部符号 _mysql_commit@4，函数 "public: bool __thiscall MysqlConn::commit(void)" (?commit@MysqlConn@@QAE_NXZ) 中引用了该符号
my_mysql.obj : error LNK2019: 无法解析的外部符号 _mysql_rollback@4，函数 "public: bool __thiscall MysqlConn::rollback(void)" (?rollback@MysqlConn@@QAE_NXZ) 中引用了该符号
my_mysql.obj : error LNK2019: 无法解析的外部符号 _mysql_autocommit@8，函数 "public: bool __thiscall MysqlConn::transaction(void)" (?transaction@MysqlConn@@QAE_NXZ) 中引用了该符号
my_mysql.obj : error LNK2019: 无法解析的外部符号 _mysql_close@4，函数 "public: __thiscall MysqlConn::~MysqlConn(void)" (??1MysqlConn@@QAE@XZ) 中引用了该符号
C:\Program Files\MySQL\MySQL Server 8.0\lib\libmysql.lib : warning LNK4272: 库计算机类型“x64”与目标计算机类型“x86”冲突
D:\代码\jsoncpp\lib\jsoncpp.lib : warning LNK4272: 库计算机类型“x64”与目标计算机类型“x86”冲突
C:\Users\苟利社稷\source\repos\Project7\Debug\sql_.exe : fatal error LNK1120: 14 个无法解析的外部命令
